<?xml version="1.0" encoding="UTF-8"?>
<testng-results ignored="0" total="5" passed="4" failed="1" skipped="0">
  <reporter-output>
  </reporter-output>
  <suite started-at="2022-10-07T08:13:04 IST" name="TSRTC Automation" finished-at="2022-10-07T08:13:21 IST" duration-ms="16959">
    <groups>
    </groups>
    <test started-at="2022-10-07T08:13:04 IST" name="LoginModuleTcs" finished-at="2022-10-07T08:13:21 IST" duration-ms="16959">
      <class name="executiontest12.LoginModule12Test">
        <test-method is-config="true" signature="Initialisation()[pri:0, instance:executiontest12.LoginModule12Test@59d2400d]" started-at="2022-10-07T08:13:04 IST" name="Initialisation" finished-at="2022-10-07T08:13:08 IST" duration-ms="4159" status="PASS">
          <reporter-output>
          </reporter-output>
        </test-method> <!-- Initialisation -->
        <test-method signature="ForgetPwdTc()[pri:0, instance:executiontest12.LoginModule12Test@59d2400d]" started-at="2022-10-07T08:13:08 IST" name="ForgetPwdTc" finished-at="2022-10-07T08:13:10 IST" duration-ms="1291" status="PASS">
          <reporter-output>
          </reporter-output>
        </test-method> <!-- ForgetPwdTc -->
        <test-method signature="NegativeLoginTc()[pri:0, instance:executiontest12.LoginModule12Test@59d2400d]" started-at="2022-10-07T08:13:10 IST" name="NegativeLoginTc" finished-at="2022-10-07T08:13:10 IST" duration-ms="661" status="FAIL">
          <exception class="java.lang.AssertionError">
            <message>
              <![CDATA[expected [Login incorrect. Please try ] but found [Login incorrect. Please try again]]]>
            </message>
            <full-stacktrace>
              <![CDATA[java.lang.AssertionError: expected [Login incorrect. Please try ] but found [Login incorrect. Please try again]
at org.testng.Assert.fail(Assert.java:110)
at org.testng.Assert.failNotEquals(Assert.java:1413)
at org.testng.Assert.assertEqualsImpl(Assert.java:149)
at org.testng.Assert.assertEquals(Assert.java:131)
at org.testng.Assert.assertEquals(Assert.java:655)
at org.testng.Assert.assertEquals(Assert.java:665)
at executiontest12.LoginModule12Test.NegativeLoginTc(LoginModule12Test.java:45)
at java.base/jdk.internal.reflect.NativeMethodAccessorImpl.invoke0(Native Method)
at java.base/jdk.internal.reflect.NativeMethodAccessorImpl.invoke(NativeMethodAccessorImpl.java:77)
at java.base/jdk.internal.reflect.DelegatingMethodAccessorImpl.invoke(DelegatingMethodAccessorImpl.java:43)
at java.base/java.lang.reflect.Method.invoke(Method.java:568)
at org.testng.internal.invokers.MethodInvocationHelper.invokeMethod(MethodInvocationHelper.java:135)
at org.testng.internal.invokers.TestInvoker.invokeMethod(TestInvoker.java:673)
at org.testng.internal.invokers.TestInvoker.invokeTestMethod(TestInvoker.java:220)
at org.testng.internal.invokers.MethodRunner.runInSequence(MethodRunner.java:50)
at org.testng.internal.invokers.TestInvoker$MethodInvocationAgent.invoke(TestInvoker.java:945)
at org.testng.internal.invokers.TestInvoker.invokeTestMethods(TestInvoker.java:193)
at org.testng.internal.invokers.TestMethodWorker.invokeTestMethods(TestMethodWorker.java:146)
at org.testng.internal.invokers.TestMethodWorker.run(TestMethodWorker.java:128)
at java.base/java.util.ArrayList.forEach(ArrayList.java:1511)
at org.testng.TestRunner.privateRun(TestRunner.java:808)
at org.testng.TestRunner.run(TestRunner.java:603)
at org.testng.SuiteRunner.runTest(SuiteRunner.java:429)
at org.testng.SuiteRunner.runSequentially(SuiteRunner.java:423)
at org.testng.SuiteRunner.privateRun(SuiteRunner.java:383)
at org.testng.SuiteRunner.run(SuiteRunner.java:326)
at org.testng.SuiteRunnerWorker.runSuite(SuiteRunnerWorker.java:52)
at org.testng.SuiteRunnerWorker.run(SuiteRunnerWorker.java:95)
at org.testng.TestNG.runSuitesSequentially(TestNG.java:1249)
at org.testng.TestNG.runSuitesLocally(TestNG.java:1169)
at org.testng.TestNG.runSuites(TestNG.java:1092)
at org.testng.TestNG.run(TestNG.java:1060)
at org.testng.remote.AbstractRemoteTestNG.run(AbstractRemoteTestNG.java:115)
at org.testng.remote.RemoteTestNG.initAndRun(RemoteTestNG.java:251)
at org.testng.remote.RemoteTestNG.main(RemoteTestNG.java:77)
]]>
            </full-stacktrace>
          </exception> <!-- java.lang.AssertionError -->
          <reporter-output>
          </reporter-output>
        </test-method> <!-- NegativeLoginTc -->
        <test-method is-config="true" signature="CloseObjects()[pri:0, instance:executiontest12.LoginModule12Test@59d2400d]" started-at="2022-10-07T08:13:11 IST" name="CloseObjects" finished-at="2022-10-07T08:13:11 IST" duration-ms="0" status="PASS">
          <reporter-output>
          </reporter-output>
        </test-method> <!-- CloseObjects -->
      </class> <!-- executiontest12.LoginModule12Test -->
      <class name="executiontest12.RegistrationModule12Test">
        <test-method is-config="true" signature="BrowserInitialisaiton()[pri:0, instance:executiontest12.RegistrationModule12Test@4535b6d5]" started-at="2022-10-07T08:13:11 IST" name="BrowserInitialisaiton" finished-at="2022-10-07T08:13:15 IST" duration-ms="3852" status="PASS">
          <reporter-output>
          </reporter-output>
        </test-method> <!-- BrowserInitialisaiton -->
        <test-method signature="FieldValidation()[pri:0, instance:executiontest12.RegistrationModule12Test@4535b6d5]" started-at="2022-10-07T08:13:15 IST" name="FieldValidation" finished-at="2022-10-07T08:13:17 IST" duration-ms="2147" status="PASS">
          <reporter-output>
          </reporter-output>
        </test-method> <!-- FieldValidation -->
        <test-method signature="FullnameValid()[pri:0, instance:executiontest12.RegistrationModule12Test@4535b6d5]" started-at="2022-10-07T08:13:17 IST" name="FullnameValid" finished-at="2022-10-07T08:13:19 IST" duration-ms="2138" status="PASS">
          <reporter-output>
          </reporter-output>
        </test-method> <!-- FullnameValid -->
        <test-method signature="LoginNameValid()[pri:0, instance:executiontest12.RegistrationModule12Test@4535b6d5]" started-at="2022-10-07T08:13:19 IST" name="LoginNameValid" finished-at="2022-10-07T08:13:21 IST" duration-ms="2382" status="PASS">
          <reporter-output>
          </reporter-output>
        </test-method> <!-- LoginNameValid -->
      </class> <!-- executiontest12.RegistrationModule12Test -->
    </test> <!-- LoginModuleTcs -->
  </suite> <!-- TSRTC Automation -->
</testng-results>
